<?xml version="1.0" encoding="UTF-8"?>
<Site BuildName="Win32-MSBuild"
	BuildStamp="20231127-0221-Experimental"
	Name="FranciscoGuevaraPC"
	Generator="ctest-3.24.202208181-MSVC_2"
	CompilerName="D:/C++Studio/VC/Tools/MSVC/14.34.31933/bin/Hostx64/x64/cl.exe"
	CompilerVersion="19.34.31937.0"
	OSName="Windows"
	Hostname="FranciscoGuevaraPC"
	OSRelease=" Professional"
	OSVersion=" (Build 22621)"
	OSPlatform="AMD64"
	Is64Bits="1"
	VendorString="GenuineIntel"
	VendorID="Intel Corporation"
	FamilyID="6"
	ModelID="14"
	ProcessorCacheSize="-1"
	NumberOfLogicalCPU="8"
	NumberOfPhysicalCPU="4"
	TotalVirtualMemory="17297"
	TotalPhysicalMemory="16273"
	LogicalProcessorsPerPhysical="2"
	ProcessorClockFrequency="2304"
	>
	<Testing>
		<StartDateTime>Nov 26 21:40 Hora est[NON-UTF-8-BYTE-0xE1]ndar, Am[NON-UTF-8-BYTE-0xE9]rica Central</StartDateTime>
		<StartTestTime>1701056440</StartTestTime>
		<TestList/>
		<EndDateTime>Nov 26 21:40 Hora est[NON-UTF-8-BYTE-0xE1]ndar, Am[NON-UTF-8-BYTE-0xE9]rica Central</EndDateTime>
		<EndTestTime>1701056440</EndTestTime>
		<ElapsedMinutes>0</ElapsedMinutes>
	</Testing>
</Site>
