<?xml version="1.0" encoding="UTF-8"?>
<Site BuildName="Win32-MSBuild"
	BuildStamp="20231124-0223-Experimental"
	Name="DESKTOP-QVNQAM9"
	Generator="ctest-3.28.0-rc5"
	CompilerName="C:/Program Files/Microsoft Visual Studio/2022/Community/VC/Tools/MSVC/14.38.33130/bin/Hostx64/x64/cl.exe"
	CompilerVersion="19.38.33130.0"
	OSName="Windows"
	Hostname="DESKTOP-QVNQAM9"
	OSRelease=" Professional"
	OSVersion=" (Build 19045)"
	OSPlatform="AMD64"
	Is64Bits="1"
	VendorString="GenuineIntel"
	VendorID="Intel Corporation"
	FamilyID="6"
	ModelID="5"
	ProcessorCacheSize="-1"
	NumberOfLogicalCPU="4"
	NumberOfPhysicalCPU="2"
	TotalVirtualMemory="22912"
	TotalPhysicalMemory="12209"
	LogicalProcessorsPerPhysical="2"
	ProcessorClockFrequency="2623"
	>
	<Testing>
		<StartDateTime>Nov 23 20:23 Hora est[NON-UTF-8-BYTE-0xE1]ndar, Am[NON-UTF-8-BYTE-0xE9]rica Central</StartDateTime>
		<StartTestTime>1700792590</StartTestTime>
		<TestList/>
		<EndDateTime>Nov 23 20:23 Hora est[NON-UTF-8-BYTE-0xE1]ndar, Am[NON-UTF-8-BYTE-0xE9]rica Central</EndDateTime>
		<EndTestTime>1700792590</EndTestTime>
		<ElapsedMinutes>0</ElapsedMinutes>
	</Testing>
</Site>
